<?xml version="1.0" encoding="UTF-8"?>
<!-- Generated by org.testng.reporters.JUnitXMLReporter -->
<testsuite ignored="3" hostname="SD" failures="2" tests="13" name="Luma Smoke Tests" time="127.52" errors="0" timestamp="2023-02-11T00:03:32 PST">
  <testcase classname="com.qa.luma.testcases.SignUpTestCases" name="verifySignUpLink" time="2.049"/>
  <testcase classname="com.qa.luma.testcases.SignUpTestCases" name="verifyCreateAnAccount" time="8.08"/>
  <testcase classname="com.qa.luma.testcases.SignInTestCases" name="verifySignInLink" time="0.046"/>
  <testcase classname="com.qa.luma.testcases.SignInTestCases" name="verifyLogin" time="6.179"/>
  <testcase classname="com.qa.luma.testcases.SignInTestCases" name="verifyLoggedInUserName" time="20.415">
    <failure type="org.openqa.selenium.NoSuchElementException" message="no such element: Unable to locate element: {&amp;quot;method&amp;quot;:&amp;quot;xpath&amp;quot;,&amp;quot;selector&amp;quot;:&amp;quot;//div[@class=&amp;apos;panel header&amp;apos;]//span[@class=&amp;apos;logged-in&amp;apos;][normalize-space()=&amp;apos;Welcome, Alen Paul!&amp;apos;]&amp;quot;}
  (Session info: chrome=109.0.5414.120)
For documentation on this error, please visit: https://selenium.dev/exceptions/#no_such_element
Build info: version: &amp;apos;4.7.2&amp;apos;, revision: &amp;apos;4d4020c3b7&amp;apos;
System info: os.name: &amp;apos;Windows 8.1&amp;apos;, os.arch: &amp;apos;amd64&amp;apos;, os.version: &amp;apos;6.3&amp;apos;, java.version: &amp;apos;19.0.1&amp;apos;
Driver info: org.openqa.selenium.chrome.ChromeDriver
Command: [6cd47db858e32a5e75b750f270fe2761, findElement {using=xpath, value=//div[@class=&amp;apos;panel header&amp;apos;]//span[@class=&amp;apos;logged-in&amp;apos;][normalize-space()=&amp;apos;Welcome, Alen Paul!&amp;apos;]}]
Capabilities {acceptInsecureCerts: false, browserName: chrome, browserVersion: 109.0.5414.120, chrome: {chromedriverVersion: 109.0.5414.74 (e7c5703604da..., userDataDir: C:\Users\SYEDDA~1\AppData\L...}, goog:chromeOptions: {debuggerAddress: localhost:52044}, networkConnectionEnabled: false, pageLoadStrategy: normal, platformName: WINDOWS, proxy: Proxy(), se:cdp: ws://localhost:52044/devtoo..., se:cdpVersion: 109.0.5414.120, setWindowRect: true, strictFileInteractability: false, timeouts: {implicit: 0, pageLoad: 300000, script: 30000}, unhandledPromptBehavior: dismiss and notify, webauthn:extension:credBlob: true, webauthn:extension:largeBlob: true, webauthn:virtualAuthenticators: true}
Session ID: 6cd47db858e32a5e75b750f270fe2761">
      <![CDATA[org.openqa.selenium.NoSuchElementException: no such element: Unable to locate element: {"method":"xpath","selector":"//div[@class='panel header']//span[@class='logged-in'][normalize-space()='Welcome, Alen Paul!']"}
  (Session info: chrome=109.0.5414.120)
For documentation on this error, please visit: https://selenium.dev/exceptions/#no_such_element
Build info: version: '4.7.2', revision: '4d4020c3b7'
System info: os.name: 'Windows 8.1', os.arch: 'amd64', os.version: '6.3', java.version: '19.0.1'
Driver info: org.openqa.selenium.chrome.ChromeDriver
Command: [6cd47db858e32a5e75b750f270fe2761, findElement {using=xpath, value=//div[@class='panel header']//span[@class='logged-in'][normalize-space()='Welcome, Alen Paul!']}]
Capabilities {acceptInsecureCerts: false, browserName: chrome, browserVersion: 109.0.5414.120, chrome: {chromedriverVersion: 109.0.5414.74 (e7c5703604da..., userDataDir: C:\Users\SYEDDA~1\AppData\L...}, goog:chromeOptions: {debuggerAddress: localhost:52044}, networkConnectionEnabled: false, pageLoadStrategy: normal, platformName: WINDOWS, proxy: Proxy(), se:cdp: ws://localhost:52044/devtoo..., se:cdpVersion: 109.0.5414.120, setWindowRect: true, strictFileInteractability: false, timeouts: {implicit: 0, pageLoad: 300000, script: 30000}, unhandledPromptBehavior: dismiss and notify, webauthn:extension:credBlob: true, webauthn:extension:largeBlob: true, webauthn:virtualAuthenticators: true}
Session ID: 6cd47db858e32a5e75b750f270fe2761
at org.openqa.selenium.remote.codec.w3c.W3CHttpResponseCodec.createException(W3CHttpResponseCodec.java:200)
at org.openqa.selenium.remote.codec.w3c.W3CHttpResponseCodec.decode(W3CHttpResponseCodec.java:133)
at org.openqa.selenium.remote.codec.w3c.W3CHttpResponseCodec.decode(W3CHttpResponseCodec.java:53)
at org.openqa.selenium.remote.HttpCommandExecutor.execute(HttpCommandExecutor.java:184)
at org.openqa.selenium.remote.service.DriverCommandExecutor.invokeExecute(DriverCommandExecutor.java:167)
at org.openqa.selenium.remote.service.DriverCommandExecutor.execute(DriverCommandExecutor.java:142)
at org.openqa.selenium.remote.RemoteWebDriver.execute(RemoteWebDriver.java:535)
at org.openqa.selenium.remote.ElementLocation$ElementFinder$2.findElement(ElementLocation.java:162)
at org.openqa.selenium.remote.ElementLocation.findElement(ElementLocation.java:60)
at org.openqa.selenium.remote.RemoteWebDriver.findElement(RemoteWebDriver.java:351)
at org.openqa.selenium.remote.RemoteWebDriver.findElement(RemoteWebDriver.java:343)
at org.openqa.selenium.support.pagefactory.DefaultElementLocator.findElement(DefaultElementLocator.java:70)
at org.openqa.selenium.support.pagefactory.internal.LocatingElementHandler.invoke(LocatingElementHandler.java:39)
at jdk.proxy2/jdk.proxy2.$Proxy21.getText(Unknown Source)
at com.qa.luma.pages.SignIn.getUserName(SignIn.java:88)
at com.qa.luma.testcases.SignInTestCases.verifyLoggedInUserName(SignInTestCases.java:67)
at java.base/java.util.ArrayList.forEach(ArrayList.java:1511)
... Removed 28 stack frames]]>
    </failure>
  </testcase> <!-- verifyLoggedInUserName -->
  <testcase classname="com.qa.luma.testcases.SignInTestCases" name="verifySignOut" time="2.12"/>
  <testcase classname="com.qa.luma.testcases.ProductDetailsTestCases" name="verifyProductItemPrice" time="0.044"/>
  <testcase classname="com.qa.luma.testcases.ProductDetailsTestCases" name="verifyClickOnAddToCart" time="2.231"/>
  <testcase classname="com.qa.luma.testcases.ProductDetailsTestCases" name="verifyClickOnShowCart" time="0.093"/>
  <testcase classname="com.qa.luma.testcases.ProductDetailsTestCases" name="verifyCheckProductName" time="1.105">
    <failure type="java.lang.AssertionError" message="expected [Dash Digital ] but found [Dash Digital Watch]">
      <![CDATA[java.lang.AssertionError: expected [Dash Digital ] but found [Dash Digital Watch]
at com.qa.luma.testcases.ProductDetailsTestCases.verifyCheckProductName(ProductDetailsTestCases.java:75)
at java.base/java.util.ArrayList.forEach(ArrayList.java:1511)
... Removed 31 stack frames]]>
    </failure>
  </testcase> <!-- verifyCheckProductName -->
  <testcase classname="com.qa.luma.testcases.ProductDetailsTestCases" name="verifyClickProceedToCheckOut" time="2.185"/>
  <testcase classname="com.qa.luma.testcases.CatalogSearchTestCases" name="verifyEnterSearchKeyword" time="1.974"/>
  <testcase classname="com.qa.luma.testcases.CatalogSearchTestCases" name="verifyGetProductPrices" time="0.236"/>
  <testcase classname="com.qa.luma.browser.LaunchBrowser" name="@BeforeSuite deleteExistingReports" time="0.0">
    <ignored/>
  </testcase> <!-- @BeforeSuite deleteExistingReports -->
  <testcase classname="com.qa.luma.browser.LaunchBrowser" name="@BeforeSuite deleteExistingReports" time="0.0">
    <ignored/>
  </testcase> <!-- @BeforeSuite deleteExistingReports -->
  <testcase classname="com.qa.luma.browser.LaunchBrowser" name="@BeforeSuite deleteExistingReports" time="0.0">
    <ignored/>
  </testcase> <!-- @BeforeSuite deleteExistingReports -->
</testsuite> <!-- Luma Smoke Tests -->
